<?xml version="1.0" encoding="UTF-8"?>
<!-- Generated by org.testng.reporters.JUnitXMLReporter -->
<testsuite ignored="0" hostname="DSPLLT033" failures="0" tests="4" name="Default test" time="79.446" errors="0" timestamp="2023-03-27T15:31:44 IST">
  <testcase classname="testcases.Admin_login" name="LoginTest" time="12.59"/>
  <testcase classname="testcases.Admin_login" name="LoginTest" time="12.606"/>
  <testcase classname="testcases.Admin_login" name="LoginTest" time="12.569"/>
  <testcase classname="testcases.Admin_login" name="LoginTest" time="12.576"/>
</testsuite> <!-- Default test -->
